{"/home/jadson/alura/energialimpa/src/server.ts": {"path":"/home/jadson/alura/energialimpa/src/server.ts","statementMap":{"0":{"start":{"line":1,"column":0},"end":{"line":1,"column":29}},"1":{"start":{"line":2,"column":0},"end":{"line":2,"column":52}},"2":{"start":{"line":3,"column":0},"end":{"line":3,"column":63}},"3":{"start":{"line":4,"column":0},"end":{"line":4,"column":69}},"4":{"start":{"line":6,"column":0},"end":{"line":6,"column":67}},"5":{"start":{"line":7,"column":0},"end":{"line":7,"column":77}},"6":{"start":{"line":9,"column":12},"end":{"line":9,"column":21}},"7":{"start":{"line":10,"column":14},"end":{"line":10,"column":22}},"8":{"start":{"line":11,"column":0},"end":{"line":11,"column":null}},"9":{"start":{"line":13,"column":0},"end":{"line":15,"column":null}},"10":{"start":{"line":14,"column":2},"end":{"line":14,"column":null}},"11":{"start":{"line":18,"column":0},"end":{"line":37,"column":null}},"12":{"start":{"line":19,"column":44},"end":{"line":19,"column":52}},"13":{"start":{"line":21,"column":23},"end":{"line":21,"column":74}},"14":{"start":{"line":22,"column":32},"end":{"line":22,"column":91}},"15":{"start":{"line":23,"column":32},"end":{"line":23,"column":117}},"16":{"start":{"line":25,"column":2},"end":{"line":36,"column":3}},"17":{"start":{"line":26,"column":23},"end":{"line":26,"column":53}},"18":{"start":{"line":27,"column":4},"end":{"line":30,"column":null}},"19":{"start":{"line":32,"column":4},"end":{"line":35,"column":null}},"20":{"start":{"line":39,"column":0},"end":{"line":39,"column":null}},"21":{"start":{"line":41,"column":0},"end":{"line":41,"column":null}},"22":{"start":{"line":41,"column":23},"end":{"line":41,"column":52}},"23":{"start":{"line":43,"column":0},"end":{"line":43,"column":null}}},"fnMap":{"0":{"name":"(anonymous_1)","decl":{"start":{"line":13,"column":15},"end":{"line":13,"column":16}},"loc":{"start":{"line":13,"column":47},"end":{"line":15,"column":1}}},"1":{"name":"(anonymous_2)","decl":{"start":{"line":18,"column":29},"end":{"line":18,"column":30}},"loc":{"start":{"line":18,"column":42},"end":{"line":37,"column":1}}},"2":{"name":"(anonymous_3)","decl":{"start":{"line":41,"column":17},"end":{"line":41,"column":20}},"loc":{"start":{"line":41,"column":23},"end":{"line":41,"column":52}}}},"branchMap":{"0":{"loc":{"start":{"line":25,"column":2},"end":{"line":36,"column":3}},"type":"if","locations":[{"start":{"line":25,"column":2},"end":{"line":36,"column":3}},{"start":{"line":31,"column":9},"end":{"line":36,"column":3}}]},"1":{"loc":{"start":{"line":25,"column":6},"end":{"line":25,"column":106}},"type":"binary-expr","locations":[{"start":{"line":25,"column":6},"end":{"line":25,"column":39}},{"start":{"line":25,"column":43},"end":{"line":25,"column":76}},{"start":{"line":25,"column":80},"end":{"line":25,"column":106}}]}},"s":{"0":1,"1":1,"2":1,"3":1,"4":1,"5":1,"6":1,"7":1,"8":1,"9":1,"10":1,"11":1,"12":1,"13":1,"14":0,"15":0,"16":0,"17":0,"18":0,"19":0,"20":1,"21":1,"22":1,"23":1},"f":{"0":1,"1":1,"2":1},"b":{"0":[0,0],"1":[0,0,0]}}
,"/home/jadson/alura/energialimpa/src/enum/EnumConsumoElegivel.ts": {"path":"/home/jadson/alura/energialimpa/src/enum/EnumConsumoElegivel.ts","statementMap":{"0":{"start":{"line":1,"column":0},"end":{"line":1,"column":null}},"1":{"start":{"line":2,"column":4},"end":{"line":2,"column":null}},"2":{"start":{"line":3,"column":4},"end":{"line":3,"column":null}},"3":{"start":{"line":4,"column":4},"end":{"line":4,"column":null}},"4":{"start":{"line":7,"column":0},"end":{"line":7,"column":35}}},"fnMap":{"0":{"name":"(anonymous_0)","decl":{"start":{"line":1,"column":0},"end":{"line":1,"column":5}},"loc":{"start":{"line":1,"column":24},"end":{"line":5,"column":1}}}},"branchMap":{"0":{"loc":{"start":{"line":1,"column":5},"end":{"line":1,"column":null}},"type":"binary-expr","locations":[{"start":{"line":1,"column":5},"end":{"line":1,"column":24}},{"start":{"line":1,"column":5},"end":{"line":1,"column":null}}]}},"s":{"0":2,"1":2,"2":2,"3":2,"4":2},"f":{"0":2},"b":{"0":[2,2]}}
,"/home/jadson/alura/energialimpa/src/enum/EnumRazoesDeInelegibilidade.ts": {"path":"/home/jadson/alura/energialimpa/src/enum/EnumRazoesDeInelegibilidade.ts","statementMap":{"0":{"start":{"line":1,"column":0},"end":{"line":1,"column":null}},"1":{"start":{"line":2,"column":4},"end":{"line":2,"column":null}},"2":{"start":{"line":3,"column":4},"end":{"line":3,"column":null}},"3":{"start":{"line":4,"column":4},"end":{"line":4,"column":null}},"4":{"start":{"line":7,"column":0},"end":{"line":7,"column":43}}},"fnMap":{"0":{"name":"(anonymous_0)","decl":{"start":{"line":1,"column":0},"end":{"line":1,"column":5}},"loc":{"start":{"line":1,"column":32},"end":{"line":5,"column":1}}}},"branchMap":{"0":{"loc":{"start":{"line":1,"column":5},"end":{"line":1,"column":null}},"type":"binary-expr","locations":[{"start":{"line":1,"column":5},"end":{"line":1,"column":32}},{"start":{"line":1,"column":5},"end":{"line":1,"column":null}}]}},"s":{"0":2,"1":2,"2":2,"3":2,"4":2},"f":{"0":2},"b":{"0":[2,2]}}
,"/home/jadson/alura/energialimpa/src/enum/EnumTarifaElegivel.ts": {"path":"/home/jadson/alura/energialimpa/src/enum/EnumTarifaElegivel.ts","statementMap":{"0":{"start":{"line":1,"column":0},"end":{"line":1,"column":null}},"1":{"start":{"line":2,"column":4},"end":{"line":2,"column":null}},"2":{"start":{"line":3,"column":4},"end":{"line":3,"column":null}},"3":{"start":{"line":6,"column":0},"end":{"line":6,"column":34}}},"fnMap":{"0":{"name":"(anonymous_0)","decl":{"start":{"line":1,"column":0},"end":{"line":1,"column":5}},"loc":{"start":{"line":1,"column":23},"end":{"line":4,"column":1}}}},"branchMap":{"0":{"loc":{"start":{"line":1,"column":5},"end":{"line":1,"column":null}},"type":"binary-expr","locations":[{"start":{"line":1,"column":5},"end":{"line":1,"column":23}},{"start":{"line":1,"column":5},"end":{"line":1,"column":null}}]}},"s":{"0":2,"1":2,"2":2,"3":2},"f":{"0":2},"b":{"0":[2,2]}}
,"/home/jadson/alura/energialimpa/src/services/analisaTipoConexao.ts": {"path":"/home/jadson/alura/energialimpa/src/services/analisaTipoConexao.ts","statementMap":{"0":{"start":{"line":1,"column":0},"end":{"line":1,"column":77}},"1":{"start":{"line":5,"column":35},"end":{"line":5,"column":40}},"2":{"start":{"line":6,"column":31},"end":{"line":6,"column":33}},"3":{"start":{"line":7,"column":27},"end":{"line":7,"column":29}},"4":{"start":{"line":10,"column":4},"end":{"line":15,"column":5}},"5":{"start":{"line":11,"column":8},"end":{"line":11,"column":null}},"6":{"start":{"line":12,"column":8},"end":{"line":12,"column":null}},"7":{"start":{"line":13,"column":8},"end":{"line":13,"column":null}},"8":{"start":{"line":14,"column":8},"end":{"line":14,"column":null}},"9":{"start":{"line":16,"column":4},"end":{"line":21,"column":5}},"10":{"start":{"line":17,"column":8},"end":{"line":17,"column":null}},"11":{"start":{"line":18,"column":8},"end":{"line":18,"column":null}},"12":{"start":{"line":19,"column":8},"end":{"line":19,"column":null}},"13":{"start":{"line":20,"column":8},"end":{"line":20,"column":null}},"14":{"start":{"line":22,"column":4},"end":{"line":27,"column":5}},"15":{"start":{"line":23,"column":8},"end":{"line":23,"column":null}},"16":{"start":{"line":24,"column":8},"end":{"line":24,"column":null}},"17":{"start":{"line":25,"column":8},"end":{"line":25,"column":null}},"18":{"start":{"line":26,"column":8},"end":{"line":26,"column":null}},"19":{"start":{"line":30,"column":4},"end":{"line":30,"column":null}},"20":{"start":{"line":3,"column":0},"end":{"line":3,"column":16}}},"fnMap":{"0":{"name":"analisaTipoConexao","decl":{"start":{"line":3,"column":16},"end":{"line":3,"column":34}},"loc":{"start":{"line":3,"column":76},"end":{"line":31,"column":1}}}},"branchMap":{"0":{"loc":{"start":{"line":10,"column":4},"end":{"line":15,"column":5}},"type":"if","locations":[{"start":{"line":10,"column":4},"end":{"line":15,"column":5}}]},"1":{"loc":{"start":{"line":11,"column":26},"end":{"line":11,"column":60}},"type":"cond-expr","locations":[{"start":{"line":11,"column":48},"end":{"line":11,"column":52}},{"start":{"line":11,"column":55},"end":{"line":11,"column":60}}]},"2":{"loc":{"start":{"line":13,"column":23},"end":{"line":13,"column":117}},"type":"cond-expr","locations":[{"start":{"line":13,"column":44},"end":{"line":13,"column":112}},{"start":{"line":13,"column":115},"end":{"line":13,"column":117}}]},"3":{"loc":{"start":{"line":16,"column":4},"end":{"line":21,"column":5}},"type":"if","locations":[{"start":{"line":16,"column":4},"end":{"line":21,"column":5}}]},"4":{"loc":{"start":{"line":17,"column":26},"end":{"line":17,"column":60}},"type":"cond-expr","locations":[{"start":{"line":17,"column":48},"end":{"line":17,"column":52}},{"start":{"line":17,"column":55},"end":{"line":17,"column":60}}]},"5":{"loc":{"start":{"line":19,"column":23},"end":{"line":19,"column":117}},"type":"cond-expr","locations":[{"start":{"line":19,"column":44},"end":{"line":19,"column":112}},{"start":{"line":19,"column":115},"end":{"line":19,"column":117}}]},"6":{"loc":{"start":{"line":22,"column":4},"end":{"line":27,"column":5}},"type":"if","locations":[{"start":{"line":22,"column":4},"end":{"line":27,"column":5}}]},"7":{"loc":{"start":{"line":23,"column":26},"end":{"line":23,"column":60}},"type":"cond-expr","locations":[{"start":{"line":23,"column":48},"end":{"line":23,"column":52}},{"start":{"line":23,"column":55},"end":{"line":23,"column":60}}]},"8":{"loc":{"start":{"line":25,"column":23},"end":{"line":25,"column":117}},"type":"cond-expr","locations":[{"start":{"line":25,"column":44},"end":{"line":25,"column":112}},{"start":{"line":25,"column":115},"end":{"line":25,"column":117}}]}},"s":{"0":2,"1":6,"2":6,"3":6,"4":6,"5":2,"6":2,"7":2,"8":2,"9":6,"10":2,"11":2,"12":2,"13":2,"14":6,"15":2,"16":2,"17":2,"18":2,"19":6,"20":2},"f":{"0":6},"b":{"0":[2],"1":[1,1],"2":[1,1],"3":[2],"4":[1,1],"5":[1,1],"6":[2],"7":[1,1],"8":[1,1]}}
,"/home/jadson/alura/energialimpa/src/services/calculaMediaConsumo.ts": {"path":"/home/jadson/alura/energialimpa/src/services/calculaMediaConsumo.ts","statementMap":{"0":{"start":{"line":3,"column":25},"end":{"line":3,"column":105}},"1":{"start":{"line":3,"column":74},"end":{"line":3,"column":95}},"2":{"start":{"line":5,"column":4},"end":{"line":5,"column":null}},"3":{"start":{"line":1,"column":0},"end":{"line":1,"column":16}}},"fnMap":{"0":{"name":"calculaMediaConsumo","decl":{"start":{"line":1,"column":16},"end":{"line":1,"column":35}},"loc":{"start":{"line":1,"column":60},"end":{"line":6,"column":1}}},"1":{"name":"(anonymous_1)","decl":{"start":{"line":3,"column":48},"end":{"line":3,"column":49}},"loc":{"start":{"line":3,"column":74},"end":{"line":3,"column":95}}}},"branchMap":{},"s":{"0":2,"1":12,"2":1,"3":2},"f":{"0":2,"1":12},"b":{}}
,"/home/jadson/alura/energialimpa/src/services/projecaoEconomia.ts": {"path":"/home/jadson/alura/energialimpa/src/services/projecaoEconomia.ts","statementMap":{"0":{"start":{"line":3,"column":28},"end":{"line":3,"column":30}},"1":{"start":{"line":5,"column":27},"end":{"line":5,"column":73}},"2":{"start":{"line":8,"column":4},"end":{"line":8,"column":null}},"3":{"start":{"line":1,"column":0},"end":{"line":1,"column":16}}},"fnMap":{"0":{"name":"projecaoEconomia","decl":{"start":{"line":1,"column":16},"end":{"line":1,"column":32}},"loc":{"start":{"line":1,"column":55},"end":{"line":9,"column":1}}}},"branchMap":{},"s":{"0":1,"1":1,"2":1,"3":2},"f":{"0":1},"b":{}}
,"/home/jadson/alura/energialimpa/src/services/razoesDeInelegibilidade.ts": {"path":"/home/jadson/alura/energialimpa/src/services/razoesDeInelegibilidade.ts","statementMap":{"0":{"start":{"line":1,"column":0},"end":{"line":1,"column":61}},"1":{"start":{"line":2,"column":0},"end":{"line":2,"column":59}},"2":{"start":{"line":5,"column":27},"end":{"line":5,"column":29}},"3":{"start":{"line":6,"column":36},"end":{"line":6,"column":38}},"4":{"start":{"line":8,"column":41},"end":{"line":8,"column":43}},"5":{"start":{"line":9,"column":40},"end":{"line":9,"column":42}},"6":{"start":{"line":12,"column":26},"end":{"line":12,"column":100}},"7":{"start":{"line":13,"column":4},"end":{"line":13,"column":null}},"8":{"start":{"line":14,"column":4},"end":{"line":14,"column":null}},"9":{"start":{"line":17,"column":25},"end":{"line":17,"column":101}},"10":{"start":{"line":18,"column":4},"end":{"line":18,"column":null}},"11":{"start":{"line":19,"column":4},"end":{"line":19,"column":null}},"12":{"start":{"line":22,"column":4},"end":{"line":22,"column":null}},"13":{"start":{"line":23,"column":4},"end":{"line":23,"column":null}},"14":{"start":{"line":25,"column":4},"end":{"line":25,"column":null}},"15":{"start":{"line":27,"column":4},"end":{"line":27,"column":null}},"16":{"start":{"line":4,"column":0},"end":{"line":4,"column":16}}},"fnMap":{"0":{"name":"razoesDeInelegibilidade","decl":{"start":{"line":4,"column":16},"end":{"line":4,"column":39}},"loc":{"start":{"line":4,"column":108},"end":{"line":28,"column":1}}}},"branchMap":{"0":{"loc":{"start":{"line":12,"column":26},"end":{"line":12,"column":100}},"type":"cond-expr","locations":[{"start":{"line":12,"column":88},"end":{"line":12,"column":93}},{"start":{"line":12,"column":96},"end":{"line":12,"column":100}}]},"1":{"loc":{"start":{"line":14,"column":29},"end":{"line":14,"column":89}},"type":"cond-expr","locations":[{"start":{"line":14,"column":54},"end":{"line":14,"column":84}},{"start":{"line":14,"column":87},"end":{"line":14,"column":89}}]},"2":{"loc":{"start":{"line":17,"column":25},"end":{"line":17,"column":101}},"type":"cond-expr","locations":[{"start":{"line":17,"column":89},"end":{"line":17,"column":94}},{"start":{"line":17,"column":97},"end":{"line":17,"column":101}}]},"3":{"loc":{"start":{"line":19,"column":28},"end":{"line":19,"column":91}},"type":"cond-expr","locations":[{"start":{"line":19,"column":53},"end":{"line":19,"column":86}},{"start":{"line":19,"column":89},"end":{"line":19,"column":91}}]}},"s":{"0":2,"1":2,"2":1,"3":1,"4":1,"5":1,"6":1,"7":1,"8":1,"9":1,"10":1,"11":1,"12":1,"13":1,"14":1,"15":1,"16":2},"f":{"0":1},"b":{"0":[0,1],"1":[0,1],"2":[0,1],"3":[0,1]}}
}
