TN:
SF:src/server.ts
FN:13,(anonymous_1)
FN:18,(anonymous_2)
FN:41,(anonymous_3)
FNF:3
FNH:3
FNDA:1,(anonymous_1)
FNDA:1,(anonymous_2)
FNDA:1,(anonymous_3)
DA:1,1
DA:2,1
DA:3,1
DA:4,1
DA:6,1
DA:7,1
DA:9,1
DA:10,1
DA:11,1
DA:13,1
DA:14,1
DA:18,1
DA:19,1
DA:21,1
DA:22,0
DA:23,0
DA:25,0
DA:26,0
DA:27,0
DA:32,0
DA:39,1
DA:41,1
DA:43,1
LF:23
LH:17
BRDA:25,0,0,0
BRDA:25,0,1,0
BRDA:25,1,0,0
BRDA:25,1,1,0
BRDA:25,1,2,0
BRF:5
BRH:0
end_of_record
TN:
SF:src/enum/EnumConsumoElegivel.ts
FN:1,(anonymous_0)
FNF:1
FNH:1
FNDA:2,(anonymous_0)
DA:1,2
DA:2,2
DA:3,2
DA:4,2
DA:7,2
LF:5
LH:5
BRDA:1,0,0,2
BRDA:1,0,1,2
BRF:2
BRH:2
end_of_record
TN:
SF:src/enum/EnumRazoesDeInelegibilidade.ts
FN:1,(anonymous_0)
FNF:1
FNH:1
FNDA:2,(anonymous_0)
DA:1,2
DA:2,2
DA:3,2
DA:4,2
DA:7,2
LF:5
LH:5
BRDA:1,0,0,2
BRDA:1,0,1,2
BRF:2
BRH:2
end_of_record
TN:
SF:src/enum/EnumTarifaElegivel.ts
FN:1,(anonymous_0)
FNF:1
FNH:1
FNDA:2,(anonymous_0)
DA:1,2
DA:2,2
DA:3,2
DA:6,2
LF:4
LH:4
BRDA:1,0,0,2
BRDA:1,0,1,2
BRF:2
BRH:2
end_of_record
TN:
SF:src/services/analisaTipoConexao.ts
FN:3,analisaTipoConexao
FNF:1
FNH:1
FNDA:6,analisaTipoConexao
DA:1,2
DA:3,2
DA:5,6
DA:6,6
DA:7,6
DA:10,6
DA:11,2
DA:12,2
DA:13,2
DA:14,2
DA:16,6
DA:17,2
DA:18,2
DA:19,2
DA:20,2
DA:22,6
DA:23,2
DA:24,2
DA:25,2
DA:26,2
DA:30,6
LF:21
LH:21
BRDA:10,0,0,2
BRDA:11,1,0,1
BRDA:11,1,1,1
BRDA:13,2,0,1
BRDA:13,2,1,1
BRDA:16,3,0,2
BRDA:17,4,0,1
BRDA:17,4,1,1
BRDA:19,5,0,1
BRDA:19,5,1,1
BRDA:22,6,0,2
BRDA:23,7,0,1
BRDA:23,7,1,1
BRDA:25,8,0,1
BRDA:25,8,1,1
BRF:15
BRH:15
end_of_record
TN:
SF:src/services/calculaMediaConsumo.ts
FN:1,calculaMediaConsumo
FN:3,(anonymous_1)
FNF:2
FNH:2
FNDA:2,calculaMediaConsumo
FNDA:12,(anonymous_1)
DA:1,2
DA:3,12
DA:5,1
LF:3
LH:3
BRF:0
BRH:0
end_of_record
TN:
SF:src/services/projecaoEconomia.ts
FN:1,projecaoEconomia
FNF:1
FNH:1
FNDA:1,projecaoEconomia
DA:1,2
DA:3,1
DA:5,1
DA:8,1
LF:4
LH:4
BRF:0
BRH:0
end_of_record
TN:
SF:src/services/razoesDeInelegibilidade.ts
FN:4,razoesDeInelegibilidade
FNF:1
FNH:1
FNDA:1,razoesDeInelegibilidade
DA:1,2
DA:2,2
DA:4,2
DA:5,1
DA:6,1
DA:8,1
DA:9,1
DA:12,1
DA:13,1
DA:14,1
DA:17,1
DA:18,1
DA:19,1
DA:22,1
DA:23,1
DA:25,1
DA:27,1
LF:17
LH:17
BRDA:12,0,0,0
BRDA:12,0,1,1
BRDA:14,1,0,0
BRDA:14,1,1,1
BRDA:17,2,0,0
BRDA:17,2,1,1
BRDA:19,3,0,0
BRDA:19,3,1,1
BRF:8
BRH:4
end_of_record
